0 verbose cli [
0 verbose cli   '/usr/local/Cellar/node/17.3.0/bin/node',
0 verbose cli   '/usr/local/bin/npm',
0 verbose cli   'install',
0 verbose cli   'xmlhttprequest',
0 verbose cli   '--save'
0 verbose cli ]
1 info using npm@8.3.0
2 info using node@v17.3.0
3 timing npm:load:whichnode Completed in 0ms
4 timing config:load:defaults Completed in 1ms
5 timing config:load:file:/usr/local/lib/node_modules/npm/npmrc Completed in 5ms
6 timing config:load:builtin Completed in 5ms
7 timing config:load:cli Completed in 2ms
8 timing config:load:env Completed in 1ms
9 timing config:load:file:/Users/silvestregarcia/Documents/Platzi/desarrollo_web/Curso_asincronismo/.npmrc Completed in 2ms
10 timing config:load:project Completed in 2ms
11 timing config:load:file:/Users/silvestregarcia/.npmrc Completed in 1ms
12 timing config:load:user Completed in 1ms
13 timing config:load:file:/usr/local/etc/npmrc Completed in 1ms
14 timing config:load:global Completed in 2ms
15 timing config:load:validate Completed in 0ms
16 timing config:load:credentials Completed in 2ms
17 timing config:load:setEnvs Completed in 1ms
18 timing config:load Completed in 17ms
19 timing npm:load:configload Completed in 17ms
20 timing npm:load:setTitle Completed in 2ms
21 timing config:load:flatten Completed in 2ms
22 timing npm:load:display Completed in 3ms
23 verbose logfile /Users/silvestregarcia/Documents/Platzi/desarrollo_web/Curso_asincronismo/C:\Users\Firstname~1\AppData\Roaming\npm-cache/_logs/2022-04-10T22_27_12_988Z-debug-0.log
24 timing npm:load:logFile Completed in 4ms
25 timing npm:load:timers Completed in 0ms
26 timing npm:load:configScope Completed in 0ms
27 timing npm:load Completed in 28ms
28 timing arborist:ctor Completed in 1ms
29 timing arborist:ctor Completed in 0ms
30 timing idealTree:init Completed in 11ms
31 timing idealTree:userRequests Completed in 2ms
32 silly idealTree buildDeps
33 silly fetch manifest xmlhttprequest@*
34 http fetch GET 200 https://registry.npmjs.org/xmlhttprequest 318ms (cache miss)
35 silly placeDep ROOT xmlhttprequest@1.8.0 OK for: curso_asincronismo@1.0.0 want: *
36 timing idealTree:#root Completed in 327ms
37 timing idealTree:node_modules/xmlhttprequest Completed in 0ms
38 timing idealTree:buildDeps Completed in 328ms
39 timing idealTree:fixDepFlags Completed in 0ms
40 timing idealTree Completed in 343ms
41 timing reify:loadTrees Completed in 343ms
42 timing reify:diffTrees Completed in 1ms
43 silly reify moves {}
44 timing reify:retireShallow Completed in 1ms
45 timing reify:createSparse Completed in 2ms
46 timing reify:loadBundles Completed in 0ms
47 silly audit bulk request { xmlhttprequest: [ '1.8.0' ] }
48 silly tarball no local data for xmlhttprequest@https://registry.npmjs.org/xmlhttprequest/-/xmlhttprequest-1.8.0.tgz. Extracting by manifest.
49 http fetch GET 200 https://registry.npmjs.org/xmlhttprequest/-/xmlhttprequest-1.8.0.tgz 142ms (cache miss)
50 timing reifyNode:node_modules/xmlhttprequest Completed in 148ms
51 timing reify:unpack Completed in 148ms
52 timing reify:unretire Completed in 0ms
53 timing build:queue Completed in 0ms
54 timing build:deps Completed in 1ms
55 timing build Completed in 1ms
56 timing reify:build Completed in 1ms
57 timing reify:trash Completed in 0ms
58 timing reify:save Completed in 6ms
59 http fetch POST 200 https://registry.npmjs.org/-/npm/v1/security/advisories/bulk 336ms
60 timing auditReport:getReport Completed in 337ms
61 silly audit report {}
62 timing auditReport:init Completed in 0ms
63 timing reify:audit Completed in 337ms
64 timing reify Completed in 694ms
65 silly ADD node_modules/xmlhttprequest
66 timing command:install Completed in 698ms
67 verbose exit 0
68 timing npm Completed in 1005ms
69 info ok
