0 verbose cli [
0 verbose cli   '/usr/local/Cellar/node/17.3.0/bin/node',
0 verbose cli   '/usr/local/bin/npm',
0 verbose cli   'run',
0 verbose cli   'callback:challenge'
0 verbose cli ]
1 info using npm@8.3.0
2 info using node@v17.3.0
3 timing npm:load:whichnode Completed in 1ms
4 timing config:load:defaults Completed in 1ms
5 timing config:load:file:/usr/local/lib/node_modules/npm/npmrc Completed in 4ms
6 timing config:load:builtin Completed in 4ms
7 timing config:load:cli Completed in 4ms
8 timing config:load:env Completed in 1ms
9 timing config:load:file:/Users/silvestregarcia/Documents/Platzi/desarrollo_web/Curso_asincronismo/.npmrc Completed in 3ms
10 timing config:load:project Completed in 4ms
11 timing config:load:file:/Users/silvestregarcia/.npmrc Completed in 0ms
12 timing config:load:user Completed in 0ms
13 timing config:load:file:/usr/local/etc/npmrc Completed in 1ms
14 timing config:load:global Completed in 1ms
15 timing config:load:validate Completed in 1ms
16 timing config:load:credentials Completed in 2ms
17 timing config:load:setEnvs Completed in 1ms
18 timing config:load Completed in 21ms
19 timing npm:load:configload Completed in 21ms
20 timing npm:load:setTitle Completed in 2ms
21 timing config:load:flatten Completed in 4ms
22 timing npm:load:display Completed in 5ms
23 verbose logfile /Users/silvestregarcia/Documents/Platzi/desarrollo_web/Curso_asincronismo/C:\Users\Firstname~1\AppData\Roaming\npm-cache/_logs/2022-04-10T23_17_10_985Z-debug-0.log
24 timing npm:load:logFile Completed in 5ms
25 timing npm:load:timers Completed in 0ms
26 timing npm:load:configScope Completed in 0ms
27 timing npm:load Completed in 34ms
28 timing command:run Completed in 1506ms
29 verbose exit 0
30 timing npm Completed in 1695ms
31 info ok
