0 verbose cli [
0 verbose cli   '/usr/local/Cellar/node/17.3.0/bin/node',
0 verbose cli   '/usr/local/bin/npm',
0 verbose cli   'init'
0 verbose cli ]
1 info using npm@8.3.0
2 info using node@v17.3.0
3 timing npm:load:whichnode Completed in 0ms
4 timing config:load:defaults Completed in 1ms
5 timing config:load:file:/usr/local/lib/node_modules/npm/npmrc Completed in 2ms
6 timing config:load:builtin Completed in 2ms
7 timing config:load:cli Completed in 2ms
8 timing config:load:env Completed in 0ms
9 timing config:load:project Completed in 4ms
10 timing config:load:file:/Users/silvestregarcia/.npmrc Completed in 0ms
11 timing config:load:user Completed in 0ms
12 timing config:load:file:/usr/local/etc/npmrc Completed in 1ms
13 timing config:load:global Completed in 1ms
14 timing config:load:validate Completed in 1ms
15 timing config:load:credentials Completed in 2ms
16 timing config:load:setEnvs Completed in 0ms
17 timing config:load Completed in 13ms
18 timing npm:load:configload Completed in 13ms
19 timing npm:load:setTitle Completed in 2ms
20 timing config:load:flatten Completed in 2ms
21 timing npm:load:display Completed in 5ms
22 verbose logfile /Users/silvestregarcia/Documents/Platzi/desarrollo_web/Curso_asincronismo/C:\Users\Firstname~1\AppData\Roaming\npm-cache/_logs/2022-04-01T03_25_11_064Z-debug-0.log
23 timing npm:load:logFile Completed in 4ms
24 timing npm:load:timers Completed in 0ms
25 timing npm:load:configScope Completed in 0ms
26 timing npm:load Completed in 26ms
27 silly package data {
27 silly package data   name: 'curso_asincronismo',
27 silly package data   version: '1.0.0',
27 silly package data   description: '',
27 silly package data   main: 'index.js',
27 silly package data   scripts: { test: 'echo "Error: no test specified" && exit 1' },
27 silly package data   author: '',
27 silly package data   license: 'ISC'
27 silly package data }
28 info init written successfully
29 timing command:init Completed in 13370ms
30 notice
30 notice New [33mminor[39m version of npm available! [31m8.3.0[39m -> [32m8.6.0[39m
30 notice Changelog: [36mhttps://github.com/npm/cli/releases/tag/v8.6.0[39m
30 notice Run [32mnpm install -g npm@8.6.0[39m to update!
30 notice
31 verbose exit 0
32 timing npm Completed in 13670ms
33 info ok
